<?xml version="1.0" encoding="UTF-8"?>
<testsuite name="com.ap.homebanking.utils.CardUtilsTests" tests="2" skipped="0" failures="0" errors="0" timestamp="2023-09-12T21:33:35" hostname="debian" time="0.012">
  <properties/>
  <testcase name="cardCVVCreated()" classname="com.ap.homebanking.utils.CardUtilsTests" time="0.006"/>
  <testcase name="cardNumberIsCreated()" classname="com.ap.homebanking.utils.CardUtilsTests" time="0.005"/>
  <system-out><![CDATA[2023-09-12 18:33:35.969  INFO 28496 --- [    Test worker] .b.t.c.SpringBootTestContextBootstrapper : Neither @ContextConfiguration nor @ContextHierarchy found for test class [com.ap.homebanking.utils.CardUtilsTests], using SpringBootContextLoader
2023-09-12 18:33:35.970  INFO 28496 --- [    Test worker] o.s.t.c.support.AbstractContextLoader    : Could not detect default resource locations for test class [com.ap.homebanking.utils.CardUtilsTests]: no resource found for suffixes {-context.xml, Context.groovy}.
2023-09-12 18:33:35.971  INFO 28496 --- [    Test worker] t.c.s.AnnotationConfigContextLoaderUtils : Could not detect default configuration classes for test class [com.ap.homebanking.utils.CardUtilsTests]: CardUtilsTests does not declare any static, non-private, non-final, nested classes annotated with @Configuration.
2023-09-12 18:33:35.976  INFO 28496 --- [    Test worker] .b.t.c.SpringBootTestContextBootstrapper : Found @SpringBootConfiguration com.ap.homebanking.HomebankingApplication for test class com.ap.homebanking.utils.CardUtilsTests
2023-09-12 18:33:35.978  INFO 28496 --- [    Test worker] .b.t.c.SpringBootTestContextBootstrapper : Loaded default TestExecutionListener class names from location [META-INF/spring.factories]: [org.springframework.boot.test.autoconfigure.restdocs.RestDocsTestExecutionListener, org.springframework.boot.test.autoconfigure.web.client.MockRestServiceServerResetTestExecutionListener, org.springframework.boot.test.autoconfigure.web.servlet.MockMvcPrintOnlyOnFailureTestExecutionListener, org.springframework.boot.test.autoconfigure.web.servlet.WebDriverTestExecutionListener, org.springframework.boot.test.autoconfigure.webservices.client.MockWebServiceServerTestExecutionListener, org.springframework.boot.test.mock.mockito.MockitoTestExecutionListener, org.springframework.boot.test.mock.mockito.ResetMocksTestExecutionListener, org.springframework.test.context.web.ServletTestExecutionListener, org.springframework.test.context.support.DirtiesContextBeforeModesTestExecutionListener, org.springframework.test.context.event.ApplicationEventsTestExecutionListener, org.springframework.test.context.support.DependencyInjectionTestExecutionListener, org.springframework.test.context.support.DirtiesContextTestExecutionListener, org.springframework.test.context.transaction.TransactionalTestExecutionListener, org.springframework.test.context.jdbc.SqlScriptsTestExecutionListener, org.springframework.test.context.event.EventPublishingTestExecutionListener]
2023-09-12 18:33:35.979  INFO 28496 --- [    Test worker] .b.t.c.SpringBootTestContextBootstrapper : Using TestExecutionListeners: [org.springframework.test.context.web.ServletTestExecutionListener@168ffb0, org.springframework.test.context.support.DirtiesContextBeforeModesTestExecutionListener@ca90087, org.springframework.test.context.event.ApplicationEventsTestExecutionListener@59a49dbc, org.springframework.boot.test.mock.mockito.MockitoTestExecutionListener@6dde03ce, org.springframework.boot.test.autoconfigure.SpringBootDependencyInjectionTestExecutionListener@2b0df4ba, org.springframework.test.context.support.DirtiesContextTestExecutionListener@6f647464, org.springframework.test.context.transaction.TransactionalTestExecutionListener@12504d49, org.springframework.test.context.jdbc.SqlScriptsTestExecutionListener@f8dfcbe, org.springframework.test.context.event.EventPublishingTestExecutionListener@4be171d1, org.springframework.boot.test.autoconfigure.restdocs.RestDocsTestExecutionListener@76afb9d, org.springframework.boot.test.autoconfigure.web.client.MockRestServiceServerResetTestExecutionListener@17c0d43c, org.springframework.boot.test.autoconfigure.web.servlet.MockMvcPrintOnlyOnFailureTestExecutionListener@77c8b276, org.springframework.boot.test.autoconfigure.web.servlet.WebDriverTestExecutionListener@37672aa7, org.springframework.boot.test.autoconfigure.webservices.client.MockWebServiceServerTestExecutionListener@670199c5, org.springframework.boot.test.mock.mockito.ResetMocksTestExecutionListener@7671c02d]
]]></system-out>
  <system-err><![CDATA[]]></system-err>
</testsuite>
