<?xml version="1.0" encoding="UTF-8"?>
<testsuite name="com.ap.homebanking.HomebankingApplicationTests" tests="1" skipped="0" failures="0" errors="0" timestamp="2023-09-12T21:33:35" hostname="debian" time="0.112">
  <properties/>
  <testcase name="contextLoads()" classname="com.ap.homebanking.HomebankingApplicationTests" time="0.112"/>
  <system-out><![CDATA[18:33:29.303 [Test worker] DEBUG org.springframework.test.context.BootstrapUtils - Instantiating CacheAwareContextLoaderDelegate from class [org.springframework.test.context.cache.DefaultCacheAwareContextLoaderDelegate]
18:33:29.315 [Test worker] DEBUG org.springframework.test.context.BootstrapUtils - Instantiating BootstrapContext using constructor [public org.springframework.test.context.support.DefaultBootstrapContext(java.lang.Class,org.springframework.test.context.CacheAwareContextLoaderDelegate)]
18:33:29.360 [Test worker] DEBUG org.springframework.test.context.BootstrapUtils - Instantiating TestContextBootstrapper for test class [com.ap.homebanking.HomebankingApplicationTests] from class [org.springframework.boot.test.context.SpringBootTestContextBootstrapper]
18:33:29.371 [Test worker] INFO org.springframework.boot.test.context.SpringBootTestContextBootstrapper - Neither @ContextConfiguration nor @ContextHierarchy found for test class [com.ap.homebanking.HomebankingApplicationTests], using SpringBootContextLoader
18:33:29.376 [Test worker] DEBUG org.springframework.test.context.support.AbstractContextLoader - Did not detect default resource location for test class [com.ap.homebanking.HomebankingApplicationTests]: class path resource [com/ap/homebanking/HomebankingApplicationTests-context.xml] does not exist
18:33:29.376 [Test worker] DEBUG org.springframework.test.context.support.AbstractContextLoader - Did not detect default resource location for test class [com.ap.homebanking.HomebankingApplicationTests]: class path resource [com/ap/homebanking/HomebankingApplicationTestsContext.groovy] does not exist
18:33:29.376 [Test worker] INFO org.springframework.test.context.support.AbstractContextLoader - Could not detect default resource locations for test class [com.ap.homebanking.HomebankingApplicationTests]: no resource found for suffixes {-context.xml, Context.groovy}.
18:33:29.377 [Test worker] INFO org.springframework.test.context.support.AnnotationConfigContextLoaderUtils - Could not detect default configuration classes for test class [com.ap.homebanking.HomebankingApplicationTests]: HomebankingApplicationTests does not declare any static, non-private, non-final, nested classes annotated with @Configuration.
18:33:29.420 [Test worker] DEBUG org.springframework.test.context.support.ActiveProfilesUtils - Could not find an 'annotation declaring class' for annotation type [org.springframework.test.context.ActiveProfiles] and class [com.ap.homebanking.HomebankingApplicationTests]
18:33:29.476 [Test worker] DEBUG org.springframework.context.annotation.ClassPathScanningCandidateComponentProvider - Identified candidate component class: file [/home/jmb/ap_java/homebanking_ap/build/classes/java/main/com/ap/homebanking/HomebankingApplication.class]
18:33:29.477 [Test worker] INFO org.springframework.boot.test.context.SpringBootTestContextBootstrapper - Found @SpringBootConfiguration com.ap.homebanking.HomebankingApplication for test class com.ap.homebanking.HomebankingApplicationTests
18:33:29.577 [Test worker] DEBUG org.springframework.boot.test.context.SpringBootTestContextBootstrapper - @TestExecutionListeners is not present for class [com.ap.homebanking.HomebankingApplicationTests]: using defaults.
18:33:29.578 [Test worker] INFO org.springframework.boot.test.context.SpringBootTestContextBootstrapper - Loaded default TestExecutionListener class names from location [META-INF/spring.factories]: [org.springframework.boot.test.autoconfigure.restdocs.RestDocsTestExecutionListener, org.springframework.boot.test.autoconfigure.web.client.MockRestServiceServerResetTestExecutionListener, org.springframework.boot.test.autoconfigure.web.servlet.MockMvcPrintOnlyOnFailureTestExecutionListener, org.springframework.boot.test.autoconfigure.web.servlet.WebDriverTestExecutionListener, org.springframework.boot.test.autoconfigure.webservices.client.MockWebServiceServerTestExecutionListener, org.springframework.boot.test.mock.mockito.MockitoTestExecutionListener, org.springframework.boot.test.mock.mockito.ResetMocksTestExecutionListener, org.springframework.test.context.web.ServletTestExecutionListener, org.springframework.test.context.support.DirtiesContextBeforeModesTestExecutionListener, org.springframework.test.context.event.ApplicationEventsTestExecutionListener, org.springframework.test.context.support.DependencyInjectionTestExecutionListener, org.springframework.test.context.support.DirtiesContextTestExecutionListener, org.springframework.test.context.transaction.TransactionalTestExecutionListener, org.springframework.test.context.jdbc.SqlScriptsTestExecutionListener, org.springframework.test.context.event.EventPublishingTestExecutionListener]
18:33:29.596 [Test worker] INFO org.springframework.boot.test.context.SpringBootTestContextBootstrapper - Using TestExecutionListeners: [org.springframework.test.context.web.ServletTestExecutionListener@1d572e62, org.springframework.test.context.support.DirtiesContextBeforeModesTestExecutionListener@29caf222, org.springframework.test.context.event.ApplicationEventsTestExecutionListener@46cf05f7, org.springframework.boot.test.mock.mockito.MockitoTestExecutionListener@5851bd4f, org.springframework.boot.test.autoconfigure.SpringBootDependencyInjectionTestExecutionListener@7cd1ac19, org.springframework.test.context.support.DirtiesContextTestExecutionListener@2f40a43, org.springframework.test.context.transaction.TransactionalTestExecutionListener@3caa4757, org.springframework.test.context.jdbc.SqlScriptsTestExecutionListener@69c43e48, org.springframework.test.context.event.EventPublishingTestExecutionListener@1804f60d, org.springframework.boot.test.autoconfigure.restdocs.RestDocsTestExecutionListener@3a80515c, org.springframework.boot.test.autoconfigure.web.client.MockRestServiceServerResetTestExecutionListener@547e29a4, org.springframework.boot.test.autoconfigure.web.servlet.MockMvcPrintOnlyOnFailureTestExecutionListener@1c807b1d, org.springframework.boot.test.autoconfigure.web.servlet.WebDriverTestExecutionListener@238b521e, org.springframework.boot.test.autoconfigure.webservices.client.MockWebServiceServerTestExecutionListener@1b39fd82, org.springframework.boot.test.mock.mockito.ResetMocksTestExecutionListener@3e2fc448]
18:33:29.608 [Test worker] DEBUG org.springframework.test.context.support.AbstractDirtiesContextTestExecutionListener - Before test class: context [DefaultTestContext@4d157787 testClass = HomebankingApplicationTests, testInstance = [null], testMethod = [null], testException = [null], mergedContextConfiguration = [WebMergedContextConfiguration@68ed96ca testClass = HomebankingApplicationTests, locations = '{}', classes = '{class com.ap.homebanking.HomebankingApplication}', contextInitializerClasses = '[]', activeProfiles = '{}', propertySourceLocations = '{}', propertySourceProperties = '{org.springframework.boot.test.context.SpringBootTestContextBootstrapper=true}', contextCustomizers = set[org.springframework.boot.test.autoconfigure.actuate.metrics.MetricsExportContextCustomizerFactory$DisableMetricExportContextCustomizer@3b7ff809, org.springframework.boot.test.autoconfigure.properties.PropertyMappingContextCustomizer@0, org.springframework.boot.test.autoconfigure.web.servlet.WebDriverContextCustomizerFactory$Customizer@674658f7, org.springframework.boot.test.context.filter.ExcludeFilterContextCustomizer@58c34bb3, org.springframework.boot.test.json.DuplicateJsonObjectContextCustomizerFactory$DuplicateJsonObjectContextCustomizer@1698fc68, org.springframework.boot.test.mock.mockito.MockitoContextCustomizer@0, org.springframework.boot.test.web.client.TestRestTemplateContextCustomizer@b78a709, org.springframework.boot.test.context.SpringBootTestArgs@1, org.springframework.boot.test.context.SpringBootTestWebEnvironment@17d919b6], resourceBasePath = 'src/main/webapp', contextLoader = 'org.springframework.boot.test.context.SpringBootContextLoader', parent = [null]], attributes = map['org.springframework.test.context.web.ServletTestExecutionListener.activateListener' -> true]], class annotated with @DirtiesContext [false] with mode [null].

  .   ____          _            __ _ _
 /\\ / ___'_ __ _ _(_)_ __  __ _ \ \ \ \
( ( )\___ | '_ | '_| | '_ \/ _` | \ \ \ \
 \\/  ___)| |_)| | | | | || (_| |  ) ) ) )
  '  |____| .__|_| |_|_| |_\__, | / / / /
 =========|_|==============|___/=/_/_/_/
 :: Spring Boot ::               (v2.7.14)

2023-09-12 18:33:29.961  INFO 28496 --- [    Test worker] c.a.h.HomebankingApplicationTests        : Starting HomebankingApplicationTests using Java 11.0.20.1 on debian with PID 28496 (started by jmb in /home/jmb/ap_java/homebanking_ap)
2023-09-12 18:33:29.962  INFO 28496 --- [    Test worker] c.a.h.HomebankingApplicationTests        : No active profile set, falling back to 1 default profile: "default"
2023-09-12 18:33:30.730  INFO 28496 --- [    Test worker] .s.d.r.c.RepositoryConfigurationDelegate : Bootstrapping Spring Data JPA repositories in DEFAULT mode.
2023-09-12 18:33:30.818  INFO 28496 --- [    Test worker] .s.d.r.c.RepositoryConfigurationDelegate : Finished Spring Data repository scanning in 79 ms. Found 6 JPA repository interfaces.
2023-09-12 18:33:31.502  INFO 28496 --- [    Test worker] o.hibernate.jpa.internal.util.LogHelper  : HHH000204: Processing PersistenceUnitInfo [name: default]
2023-09-12 18:33:31.556  INFO 28496 --- [    Test worker] org.hibernate.Version                    : HHH000412: Hibernate ORM core version 5.6.15.Final
2023-09-12 18:33:31.798  INFO 28496 --- [    Test worker] o.hibernate.annotations.common.Version   : HCANN000001: Hibernate Commons Annotations {5.1.2.Final}
2023-09-12 18:33:31.930  INFO 28496 --- [    Test worker] com.zaxxer.hikari.HikariDataSource       : HikariPool-1 - Starting...
2023-09-12 18:33:32.262  INFO 28496 --- [    Test worker] com.zaxxer.hikari.HikariDataSource       : HikariPool-1 - Start completed.
2023-09-12 18:33:32.282  INFO 28496 --- [    Test worker] org.hibernate.dialect.Dialect            : HHH000400: Using dialect: org.hibernate.dialect.PostgreSQL9Dialect
2023-09-12 18:33:33.217  INFO 28496 --- [    Test worker] o.h.e.t.j.p.i.JtaPlatformInitiator       : HHH000490: Using JtaPlatform implementation: [org.hibernate.engine.transaction.jta.platform.internal.NoJtaPlatform]
2023-09-12 18:33:33.227  INFO 28496 --- [    Test worker] j.LocalContainerEntityManagerFactoryBean : Initialized JPA EntityManagerFactory for persistence unit 'default'
2023-09-12 18:33:34.076  INFO 28496 --- [    Test worker] o.s.s.web.DefaultSecurityFilterChain     : Will secure any request with [org.springframework.security.web.session.DisableEncodeUrlFilter@1659d7d, org.springframework.security.web.context.request.async.WebAsyncManagerIntegrationFilter@6892d403, org.springframework.security.web.context.SecurityContextPersistenceFilter@2faae7f6, org.springframework.security.web.header.HeaderWriterFilter@1104ad6a, org.springframework.security.web.authentication.logout.LogoutFilter@6eb332d1, org.springframework.security.web.authentication.UsernamePasswordAuthenticationFilter@222a7429, org.springframework.security.web.savedrequest.RequestCacheAwareFilter@5b160208, org.springframework.security.web.servletapi.SecurityContextHolderAwareRequestFilter@237bdbcb, org.springframework.security.web.authentication.AnonymousAuthenticationFilter@3fb42ec7, org.springframework.security.web.session.SessionManagementFilter@8aafd70, org.springframework.security.web.access.ExceptionTranslationFilter@4844e24b, org.springframework.security.web.access.intercept.FilterSecurityInterceptor@7c31e01f]
2023-09-12 18:33:34.271  WARN 28496 --- [    Test worker] JpaBaseConfiguration$JpaWebConfiguration : spring.jpa.open-in-view is enabled by default. Therefore, database queries may be performed during view rendering. Explicitly configure spring.jpa.open-in-view to disable this warning
2023-09-12 18:33:35.307  INFO 28496 --- [    Test worker] c.a.h.HomebankingApplicationTests        : Started HomebankingApplicationTests in 5.65 seconds (JVM running for 6.934)
]]></system-out>
  <system-err><![CDATA[]]></system-err>
</testsuite>
