<?xml version="1.0" encoding="UTF-8"?>
<testsuite name="com.ap.homebanking.repositories.RepositoriesTest" tests="10" skipped="0" failures="0" errors="0" timestamp="2023-09-12T21:33:35" hostname="debian" time="0.499">
  <properties/>
  <testcase name="allAccountsWithClient()" classname="com.ap.homebanking.repositories.RepositoriesTest" time="0.224"/>
  <testcase name="allClientsWithAccount()" classname="com.ap.homebanking.repositories.RepositoriesTest" time="0.045"/>
  <testcase name="existCardHolder()" classname="com.ap.homebanking.repositories.RepositoriesTest" time="0.035"/>
  <testcase name="allTransactionsWithAccounts()" classname="com.ap.homebanking.repositories.RepositoriesTest" time="0.038"/>
  <testcase name="existPersonalLoan()" classname="com.ap.homebanking.repositories.RepositoriesTest" time="0.036"/>
  <testcase name="existCards()" classname="com.ap.homebanking.repositories.RepositoriesTest" time="0.021"/>
  <testcase name="existLoans()" classname="com.ap.homebanking.repositories.RepositoriesTest" time="0.024"/>
  <testcase name="existAccounts()" classname="com.ap.homebanking.repositories.RepositoriesTest" time="0.018"/>
  <testcase name="existTransaction()" classname="com.ap.homebanking.repositories.RepositoriesTest" time="0.023"/>
  <testcase name="existClients()" classname="com.ap.homebanking.repositories.RepositoriesTest" time="0.019"/>
  <system-out><![CDATA[2023-09-12 18:33:35.446  INFO 28496 --- [    Test worker] .b.t.c.SpringBootTestContextBootstrapper : Neither @ContextConfiguration nor @ContextHierarchy found for test class [com.ap.homebanking.repositories.RepositoriesTest], using SpringBootContextLoader
2023-09-12 18:33:35.447  INFO 28496 --- [    Test worker] o.s.t.c.support.AbstractContextLoader    : Could not detect default resource locations for test class [com.ap.homebanking.repositories.RepositoriesTest]: no resource found for suffixes {-context.xml, Context.groovy}.
2023-09-12 18:33:35.447  INFO 28496 --- [    Test worker] t.c.s.AnnotationConfigContextLoaderUtils : Could not detect default configuration classes for test class [com.ap.homebanking.repositories.RepositoriesTest]: RepositoriesTest does not declare any static, non-private, non-final, nested classes annotated with @Configuration.
2023-09-12 18:33:35.455  INFO 28496 --- [    Test worker] .b.t.c.SpringBootTestContextBootstrapper : Found @SpringBootConfiguration com.ap.homebanking.HomebankingApplication for test class com.ap.homebanking.repositories.RepositoriesTest
2023-09-12 18:33:35.458  INFO 28496 --- [    Test worker] .b.t.c.SpringBootTestContextBootstrapper : Loaded default TestExecutionListener class names from location [META-INF/spring.factories]: [org.springframework.boot.test.autoconfigure.restdocs.RestDocsTestExecutionListener, org.springframework.boot.test.autoconfigure.web.client.MockRestServiceServerResetTestExecutionListener, org.springframework.boot.test.autoconfigure.web.servlet.MockMvcPrintOnlyOnFailureTestExecutionListener, org.springframework.boot.test.autoconfigure.web.servlet.WebDriverTestExecutionListener, org.springframework.boot.test.autoconfigure.webservices.client.MockWebServiceServerTestExecutionListener, org.springframework.boot.test.mock.mockito.MockitoTestExecutionListener, org.springframework.boot.test.mock.mockito.ResetMocksTestExecutionListener, org.springframework.test.context.web.ServletTestExecutionListener, org.springframework.test.context.support.DirtiesContextBeforeModesTestExecutionListener, org.springframework.test.context.event.ApplicationEventsTestExecutionListener, org.springframework.test.context.support.DependencyInjectionTestExecutionListener, org.springframework.test.context.support.DirtiesContextTestExecutionListener, org.springframework.test.context.transaction.TransactionalTestExecutionListener, org.springframework.test.context.jdbc.SqlScriptsTestExecutionListener, org.springframework.test.context.event.EventPublishingTestExecutionListener]
2023-09-12 18:33:35.459  INFO 28496 --- [    Test worker] .b.t.c.SpringBootTestContextBootstrapper : Using TestExecutionListeners: [org.springframework.test.context.web.ServletTestExecutionListener@2aaed928, org.springframework.test.context.support.DirtiesContextBeforeModesTestExecutionListener@155cf9f6, org.springframework.test.context.event.ApplicationEventsTestExecutionListener@b7b26c6, org.springframework.boot.test.mock.mockito.MockitoTestExecutionListener@2db07651, org.springframework.boot.test.autoconfigure.SpringBootDependencyInjectionTestExecutionListener@718b9d56, org.springframework.test.context.support.DirtiesContextTestExecutionListener@36a59d8, org.springframework.test.context.transaction.TransactionalTestExecutionListener@51751265, org.springframework.test.context.jdbc.SqlScriptsTestExecutionListener@7f59f4e4, org.springframework.test.context.event.EventPublishingTestExecutionListener@5295a774, org.springframework.boot.test.autoconfigure.restdocs.RestDocsTestExecutionListener@3e09067, org.springframework.boot.test.autoconfigure.web.client.MockRestServiceServerResetTestExecutionListener@7a7f5c44, org.springframework.boot.test.autoconfigure.web.servlet.MockMvcPrintOnlyOnFailureTestExecutionListener@4ab1693b, org.springframework.boot.test.autoconfigure.web.servlet.WebDriverTestExecutionListener@35e0d91e, org.springframework.boot.test.autoconfigure.webservices.client.MockWebServiceServerTestExecutionListener@3204146d, org.springframework.boot.test.mock.mockito.ResetMocksTestExecutionListener@3299e315]
]]></system-out>
  <system-err><![CDATA[]]></system-err>
</testsuite>
