<?xml version="1.0" encoding="UTF-8"?>
<testsuite name="com.ap.homebanking.RepositoriesTest" tests="1" skipped="0" failures="0" errors="0" timestamp="2023-09-12T18:53:51" hostname="debian" time="0.273">
  <properties/>
  <testcase name="existPersonalLoan()" classname="com.ap.homebanking.RepositoriesTest" time="0.273"/>
  <system-out><![CDATA[15:53:46.324 [Test worker] DEBUG org.springframework.test.context.BootstrapUtils - Instantiating CacheAwareContextLoaderDelegate from class [org.springframework.test.context.cache.DefaultCacheAwareContextLoaderDelegate]
15:53:46.334 [Test worker] DEBUG org.springframework.test.context.BootstrapUtils - Instantiating BootstrapContext using constructor [public org.springframework.test.context.support.DefaultBootstrapContext(java.lang.Class,org.springframework.test.context.CacheAwareContextLoaderDelegate)]
15:53:46.363 [Test worker] DEBUG org.springframework.test.context.BootstrapUtils - Instantiating TestContextBootstrapper for test class [com.ap.homebanking.RepositoriesTest] from class [org.springframework.boot.test.context.SpringBootTestContextBootstrapper]
15:53:46.372 [Test worker] INFO org.springframework.boot.test.context.SpringBootTestContextBootstrapper - Neither @ContextConfiguration nor @ContextHierarchy found for test class [com.ap.homebanking.RepositoriesTest], using SpringBootContextLoader
15:53:46.376 [Test worker] DEBUG org.springframework.test.context.support.AbstractContextLoader - Did not detect default resource location for test class [com.ap.homebanking.RepositoriesTest]: class path resource [com/ap/homebanking/RepositoriesTest-context.xml] does not exist
15:53:46.377 [Test worker] DEBUG org.springframework.test.context.support.AbstractContextLoader - Did not detect default resource location for test class [com.ap.homebanking.RepositoriesTest]: class path resource [com/ap/homebanking/RepositoriesTestContext.groovy] does not exist
15:53:46.377 [Test worker] INFO org.springframework.test.context.support.AbstractContextLoader - Could not detect default resource locations for test class [com.ap.homebanking.RepositoriesTest]: no resource found for suffixes {-context.xml, Context.groovy}.
15:53:46.378 [Test worker] INFO org.springframework.test.context.support.AnnotationConfigContextLoaderUtils - Could not detect default configuration classes for test class [com.ap.homebanking.RepositoriesTest]: RepositoriesTest does not declare any static, non-private, non-final, nested classes annotated with @Configuration.
15:53:46.415 [Test worker] DEBUG org.springframework.test.context.support.ActiveProfilesUtils - Could not find an 'annotation declaring class' for annotation type [org.springframework.test.context.ActiveProfiles] and class [com.ap.homebanking.RepositoriesTest]
15:53:46.468 [Test worker] DEBUG org.springframework.context.annotation.ClassPathScanningCandidateComponentProvider - Identified candidate component class: file [/home/jmb/ap_java/homebanking_ap/build/classes/java/main/com/ap/homebanking/HomebankingApplication.class]
15:53:46.469 [Test worker] INFO org.springframework.boot.test.context.SpringBootTestContextBootstrapper - Found @SpringBootConfiguration com.ap.homebanking.HomebankingApplication for test class com.ap.homebanking.RepositoriesTest
15:53:46.558 [Test worker] DEBUG org.springframework.boot.test.context.SpringBootTestContextBootstrapper - @TestExecutionListeners is not present for class [com.ap.homebanking.RepositoriesTest]: using defaults.
15:53:46.558 [Test worker] INFO org.springframework.boot.test.context.SpringBootTestContextBootstrapper - Loaded default TestExecutionListener class names from location [META-INF/spring.factories]: [org.springframework.boot.test.autoconfigure.restdocs.RestDocsTestExecutionListener, org.springframework.boot.test.autoconfigure.web.client.MockRestServiceServerResetTestExecutionListener, org.springframework.boot.test.autoconfigure.web.servlet.MockMvcPrintOnlyOnFailureTestExecutionListener, org.springframework.boot.test.autoconfigure.web.servlet.WebDriverTestExecutionListener, org.springframework.boot.test.autoconfigure.webservices.client.MockWebServiceServerTestExecutionListener, org.springframework.boot.test.mock.mockito.MockitoTestExecutionListener, org.springframework.boot.test.mock.mockito.ResetMocksTestExecutionListener, org.springframework.test.context.web.ServletTestExecutionListener, org.springframework.test.context.support.DirtiesContextBeforeModesTestExecutionListener, org.springframework.test.context.event.ApplicationEventsTestExecutionListener, org.springframework.test.context.support.DependencyInjectionTestExecutionListener, org.springframework.test.context.support.DirtiesContextTestExecutionListener, org.springframework.test.context.transaction.TransactionalTestExecutionListener, org.springframework.test.context.jdbc.SqlScriptsTestExecutionListener, org.springframework.test.context.event.EventPublishingTestExecutionListener]
15:53:46.588 [Test worker] INFO org.springframework.boot.test.context.SpringBootTestContextBootstrapper - Using TestExecutionListeners: [org.springframework.test.context.web.ServletTestExecutionListener@28c0b664, org.springframework.test.context.support.DirtiesContextBeforeModesTestExecutionListener@2c444798, org.springframework.test.context.event.ApplicationEventsTestExecutionListener@1af7f54a, org.springframework.boot.test.mock.mockito.MockitoTestExecutionListener@6ebd78d1, org.springframework.boot.test.autoconfigure.SpringBootDependencyInjectionTestExecutionListener@436390f4, org.springframework.test.context.support.DirtiesContextTestExecutionListener@4d157787, org.springframework.test.context.transaction.TransactionalTestExecutionListener@68ed96ca, org.springframework.test.context.jdbc.SqlScriptsTestExecutionListener@6d1310f6, org.springframework.test.context.event.EventPublishingTestExecutionListener@3228d990, org.springframework.boot.test.autoconfigure.restdocs.RestDocsTestExecutionListener@54e7391d, org.springframework.boot.test.autoconfigure.web.client.MockRestServiceServerResetTestExecutionListener@50b8ae8d, org.springframework.boot.test.autoconfigure.web.servlet.MockMvcPrintOnlyOnFailureTestExecutionListener@255990cc, org.springframework.boot.test.autoconfigure.web.servlet.WebDriverTestExecutionListener@51c929ae, org.springframework.boot.test.autoconfigure.webservices.client.MockWebServiceServerTestExecutionListener@3c8bdd5b, org.springframework.boot.test.mock.mockito.ResetMocksTestExecutionListener@29d2d081]
15:53:46.592 [Test worker] DEBUG org.springframework.test.context.support.AbstractDirtiesContextTestExecutionListener - Before test class: context [DefaultTestContext@33c2bd testClass = RepositoriesTest, testInstance = [null], testMethod = [null], testException = [null], mergedContextConfiguration = [WebMergedContextConfiguration@1dfd5f51 testClass = RepositoriesTest, locations = '{}', classes = '{class com.ap.homebanking.HomebankingApplication}', contextInitializerClasses = '[]', activeProfiles = '{}', propertySourceLocations = '{}', propertySourceProperties = '{org.springframework.boot.test.context.SpringBootTestContextBootstrapper=true}', contextCustomizers = set[org.springframework.boot.test.autoconfigure.actuate.metrics.MetricsExportContextCustomizerFactory$DisableMetricExportContextCustomizer@6cfcd46d, org.springframework.boot.test.autoconfigure.properties.PropertyMappingContextCustomizer@0, org.springframework.boot.test.autoconfigure.web.servlet.WebDriverContextCustomizerFactory$Customizer@183e8023, org.springframework.boot.test.context.filter.ExcludeFilterContextCustomizer@30bcf3c1, org.springframework.boot.test.json.DuplicateJsonObjectContextCustomizerFactory$DuplicateJsonObjectContextCustomizer@42f48531, org.springframework.boot.test.mock.mockito.MockitoContextCustomizer@0, org.springframework.boot.test.web.client.TestRestTemplateContextCustomizer@75e91545, org.springframework.boot.test.context.SpringBootTestArgs@1, org.springframework.boot.test.context.SpringBootTestWebEnvironment@33f676f6], resourceBasePath = 'src/main/webapp', contextLoader = 'org.springframework.boot.test.context.SpringBootContextLoader', parent = [null]], attributes = map['org.springframework.test.context.web.ServletTestExecutionListener.activateListener' -> true]], class annotated with @DirtiesContext [false] with mode [null].

  .   ____          _            __ _ _
 /\\ / ___'_ __ _ _(_)_ __  __ _ \ \ \ \
( ( )\___ | '_ | '_| | '_ \/ _` | \ \ \ \
 \\/  ___)| |_)| | | | | || (_| |  ) ) ) )
  '  |____| .__|_| |_|_| |_\__, | / / / /
 =========|_|==============|___/=/_/_/_/
 :: Spring Boot ::               (v2.7.14)

2023-09-12 15:53:46.903  INFO 21700 --- [    Test worker] com.ap.homebanking.RepositoriesTest      : Starting RepositoriesTest using Java 11.0.20.1 on debian with PID 21700 (started by jmb in /home/jmb/ap_java/homebanking_ap)
2023-09-12 15:53:46.905  INFO 21700 --- [    Test worker] com.ap.homebanking.RepositoriesTest      : No active profile set, falling back to 1 default profile: "default"
2023-09-12 15:53:47.552  INFO 21700 --- [    Test worker] .s.d.r.c.RepositoryConfigurationDelegate : Bootstrapping Spring Data JPA repositories in DEFAULT mode.
2023-09-12 15:53:47.631  INFO 21700 --- [    Test worker] .s.d.r.c.RepositoryConfigurationDelegate : Finished Spring Data repository scanning in 70 ms. Found 6 JPA repository interfaces.
2023-09-12 15:53:48.219  INFO 21700 --- [    Test worker] o.hibernate.jpa.internal.util.LogHelper  : HHH000204: Processing PersistenceUnitInfo [name: default]
2023-09-12 15:53:48.268  INFO 21700 --- [    Test worker] org.hibernate.Version                    : HHH000412: Hibernate ORM core version 5.6.15.Final
2023-09-12 15:53:48.451  INFO 21700 --- [    Test worker] o.hibernate.annotations.common.Version   : HCANN000001: Hibernate Commons Annotations {5.1.2.Final}
2023-09-12 15:53:48.553  INFO 21700 --- [    Test worker] com.zaxxer.hikari.HikariDataSource       : HikariPool-1 - Starting...
2023-09-12 15:53:48.834  INFO 21700 --- [    Test worker] com.zaxxer.hikari.HikariDataSource       : HikariPool-1 - Start completed.
2023-09-12 15:53:48.851  INFO 21700 --- [    Test worker] org.hibernate.dialect.Dialect            : HHH000400: Using dialect: org.hibernate.dialect.PostgreSQL9Dialect
2023-09-12 15:53:49.708  INFO 21700 --- [    Test worker] o.h.e.t.j.p.i.JtaPlatformInitiator       : HHH000490: Using JtaPlatform implementation: [org.hibernate.engine.transaction.jta.platform.internal.NoJtaPlatform]
2023-09-12 15:53:49.717  INFO 21700 --- [    Test worker] j.LocalContainerEntityManagerFactoryBean : Initialized JPA EntityManagerFactory for persistence unit 'default'
2023-09-12 15:53:50.499  INFO 21700 --- [    Test worker] o.s.s.web.DefaultSecurityFilterChain     : Will secure any request with [org.springframework.security.web.session.DisableEncodeUrlFilter@2446be5f, org.springframework.security.web.context.request.async.WebAsyncManagerIntegrationFilter@2d4f1ddd, org.springframework.security.web.context.SecurityContextPersistenceFilter@7ca0b05e, org.springframework.security.web.header.HeaderWriterFilter@62cb977a, org.springframework.security.web.authentication.logout.LogoutFilter@170f0fd6, org.springframework.security.web.authentication.UsernamePasswordAuthenticationFilter@fd5c7f6, org.springframework.security.web.savedrequest.RequestCacheAwareFilter@56f19f36, org.springframework.security.web.servletapi.SecurityContextHolderAwareRequestFilter@2faae7f6, org.springframework.security.web.authentication.AnonymousAuthenticationFilter@5b4880b3, org.springframework.security.web.session.SessionManagementFilter@2fca9fae, org.springframework.security.web.access.ExceptionTranslationFilter@293ba26c, org.springframework.security.web.access.intercept.FilterSecurityInterceptor@6d40a2b]
2023-09-12 15:53:50.698  WARN 21700 --- [    Test worker] JpaBaseConfiguration$JpaWebConfiguration : spring.jpa.open-in-view is enabled by default. Therefore, database queries may be performed during view rendering. Explicitly configure spring.jpa.open-in-view to disable this warning
2023-09-12 15:53:51.642  INFO 21700 --- [    Test worker] com.ap.homebanking.RepositoriesTest      : Started RepositoriesTest in 5.009 seconds (JVM running for 6.159)
]]></system-out>
  <system-err><![CDATA[]]></system-err>
</testsuite>
